C:\USERS\LOUIS\DOCUMENTS\VISUAL STUDIO 2010\PROJECTS\INTERFACE_CONTROL_GRUE\DEBUG\INTERFACE_CONTROL_GRUE.EXE
C:\USERS\LOUIS\DOCUMENTS\VISUAL STUDIO 2010\PROJECTS\INTERFACE_CONTROL_GRUE\DEBUG\INTERFACE_CONTROL_GRUE.ILK
C:\USERS\LOUIS\DOCUMENTS\VISUAL STUDIO 2010\PROJECTS\INTERFACE_CONTROL_GRUE\DEBUG\INTERFACE_CONTROL_GRUE.PDB
C:\USERS\LOUIS\DOCUMENTS\VISUAL STUDIO 2010\PROJECTS\INTERFACE_CONTROL_GRUE\INTERFACE_CONTROL_GRUE\DEBUG\CFILEINI.OBJ
C:\Users\Louis\Documents\Visual Studio 2010\Projects\Interface_Control_Grue\Interface_Control_Grue\Debug\cl.command.1.tlog
C:\Users\Louis\Documents\Visual Studio 2010\Projects\Interface_Control_Grue\Interface_Control_Grue\Debug\CL.read.1.tlog
C:\Users\Louis\Documents\Visual Studio 2010\Projects\Interface_Control_Grue\Interface_Control_Grue\Debug\CL.write.1.tlog
C:\Users\Louis\Documents\Visual Studio 2010\Projects\Interface_Control_Grue\Interface_Control_Grue\Debug\Interface_Control_Grue.exe.embed.manifest
C:\USERS\LOUIS\DOCUMENTS\VISUAL STUDIO 2010\PROJECTS\INTERFACE_CONTROL_GRUE\INTERFACE_CONTROL_GRUE\DEBUG\INTERFACE_CONTROL_GRUE.EXE.EMBED.MANIFEST.RES
C:\USERS\LOUIS\DOCUMENTS\VISUAL STUDIO 2010\PROJECTS\INTERFACE_CONTROL_GRUE\INTERFACE_CONTROL_GRUE\DEBUG\INTERFACE_CONTROL_GRUE.EXE.INTERMEDIATE.MANIFEST
C:\USERS\LOUIS\DOCUMENTS\VISUAL STUDIO 2010\PROJECTS\INTERFACE_CONTROL_GRUE\INTERFACE_CONTROL_GRUE\DEBUG\INTERFACE_CONTROL_GRUE.OBJ
C:\USERS\LOUIS\DOCUMENTS\VISUAL STUDIO 2010\PROJECTS\INTERFACE_CONTROL_GRUE\INTERFACE_CONTROL_GRUE\DEBUG\INTERFACE_CONTROL_GRUE.PCH
C:\USERS\LOUIS\DOCUMENTS\VISUAL STUDIO 2010\PROJECTS\INTERFACE_CONTROL_GRUE\INTERFACE_CONTROL_GRUE\DEBUG\INTERFACE_CONTROL_GRUE.RES
C:\Users\Louis\Documents\Visual Studio 2010\Projects\Interface_Control_Grue\Interface_Control_Grue\Debug\Interface_Control_Grue.vcxprojResolveAssemblyReference.cache
C:\Users\Louis\Documents\Visual Studio 2010\Projects\Interface_Control_Grue\Interface_Control_Grue\Debug\Interface_Control_Grue.write.1.tlog
C:\Users\Louis\Documents\Visual Studio 2010\Projects\Interface_Control_Grue\Interface_Control_Grue\Debug\Interface_Control_Grue_manifest.rc
C:\USERS\LOUIS\DOCUMENTS\VISUAL STUDIO 2010\PROJECTS\INTERFACE_CONTROL_GRUE\INTERFACE_CONTROL_GRUE\DEBUG\INTERFACE_CONTROL_GRUEDLG.OBJ
C:\Users\Louis\Documents\Visual Studio 2010\Projects\Interface_Control_Grue\Interface_Control_Grue\Debug\link.1020.read.1.tlog
C:\Users\Louis\Documents\Visual Studio 2010\Projects\Interface_Control_Grue\Interface_Control_Grue\Debug\link.1020.write.1.tlog
C:\Users\Louis\Documents\Visual Studio 2010\Projects\Interface_Control_Grue\Interface_Control_Grue\Debug\link.1020-cvtres.read.1.tlog
C:\Users\Louis\Documents\Visual Studio 2010\Projects\Interface_Control_Grue\Interface_Control_Grue\Debug\link.1020-cvtres.write.1.tlog
C:\Users\Louis\Documents\Visual Studio 2010\Projects\Interface_Control_Grue\Interface_Control_Grue\Debug\link.1188.read.1.tlog
C:\Users\Louis\Documents\Visual Studio 2010\Projects\Interface_Control_Grue\Interface_Control_Grue\Debug\link.1188.write.1.tlog
C:\Users\Louis\Documents\Visual Studio 2010\Projects\Interface_Control_Grue\Interface_Control_Grue\Debug\link.1188-cvtres.read.1.tlog
C:\Users\Louis\Documents\Visual Studio 2010\Projects\Interface_Control_Grue\Interface_Control_Grue\Debug\link.1188-cvtres.write.1.tlog
C:\Users\Louis\Documents\Visual Studio 2010\Projects\Interface_Control_Grue\Interface_Control_Grue\Debug\link.1460.read.1.tlog
C:\Users\Louis\Documents\Visual Studio 2010\Projects\Interface_Control_Grue\Interface_Control_Grue\Debug\link.1460.write.1.tlog
C:\Users\Louis\Documents\Visual Studio 2010\Projects\Interface_Control_Grue\Interface_Control_Grue\Debug\link.1460-cvtres.read.1.tlog
C:\Users\Louis\Documents\Visual Studio 2010\Projects\Interface_Control_Grue\Interface_Control_Grue\Debug\link.1460-cvtres.write.1.tlog
C:\Users\Louis\Documents\Visual Studio 2010\Projects\Interface_Control_Grue\Interface_Control_Grue\Debug\link.1920.read.1.tlog
C:\Users\Louis\Documents\Visual Studio 2010\Projects\Interface_Control_Grue\Interface_Control_Grue\Debug\link.1920.write.1.tlog
C:\Users\Louis\Documents\Visual Studio 2010\Projects\Interface_Control_Grue\Interface_Control_Grue\Debug\link.1920-cvtres.read.1.tlog
C:\Users\Louis\Documents\Visual Studio 2010\Projects\Interface_Control_Grue\Interface_Control_Grue\Debug\link.1920-cvtres.write.1.tlog
C:\Users\Louis\Documents\Visual Studio 2010\Projects\Interface_Control_Grue\Interface_Control_Grue\Debug\link.2552.read.1.tlog
C:\Users\Louis\Documents\Visual Studio 2010\Projects\Interface_Control_Grue\Interface_Control_Grue\Debug\link.2552.write.1.tlog
C:\Users\Louis\Documents\Visual Studio 2010\Projects\Interface_Control_Grue\Interface_Control_Grue\Debug\link.2552-cvtres.read.1.tlog
C:\Users\Louis\Documents\Visual Studio 2010\Projects\Interface_Control_Grue\Interface_Control_Grue\Debug\link.2552-cvtres.write.1.tlog
C:\Users\Louis\Documents\Visual Studio 2010\Projects\Interface_Control_Grue\Interface_Control_Grue\Debug\link.5008.read.1.tlog
C:\Users\Louis\Documents\Visual Studio 2010\Projects\Interface_Control_Grue\Interface_Control_Grue\Debug\link.5008.write.1.tlog
C:\Users\Louis\Documents\Visual Studio 2010\Projects\Interface_Control_Grue\Interface_Control_Grue\Debug\link.5008-cvtres.read.1.tlog
C:\Users\Louis\Documents\Visual Studio 2010\Projects\Interface_Control_Grue\Interface_Control_Grue\Debug\link.5008-cvtres.write.1.tlog
C:\Users\Louis\Documents\Visual Studio 2010\Projects\Interface_Control_Grue\Interface_Control_Grue\Debug\link.5092.read.1.tlog
C:\Users\Louis\Documents\Visual Studio 2010\Projects\Interface_Control_Grue\Interface_Control_Grue\Debug\link.5092.write.1.tlog
C:\Users\Louis\Documents\Visual Studio 2010\Projects\Interface_Control_Grue\Interface_Control_Grue\Debug\link.5092-cvtres.read.1.tlog
C:\Users\Louis\Documents\Visual Studio 2010\Projects\Interface_Control_Grue\Interface_Control_Grue\Debug\link.5092-cvtres.write.1.tlog
C:\Users\Louis\Documents\Visual Studio 2010\Projects\Interface_Control_Grue\Interface_Control_Grue\Debug\link.5164.read.1.tlog
C:\Users\Louis\Documents\Visual Studio 2010\Projects\Interface_Control_Grue\Interface_Control_Grue\Debug\link.5164.write.1.tlog
C:\Users\Louis\Documents\Visual Studio 2010\Projects\Interface_Control_Grue\Interface_Control_Grue\Debug\link.5164-cvtres.read.1.tlog
C:\Users\Louis\Documents\Visual Studio 2010\Projects\Interface_Control_Grue\Interface_Control_Grue\Debug\link.5164-cvtres.write.1.tlog
C:\Users\Louis\Documents\Visual Studio 2010\Projects\Interface_Control_Grue\Interface_Control_Grue\Debug\link.5336.read.1.tlog
C:\Users\Louis\Documents\Visual Studio 2010\Projects\Interface_Control_Grue\Interface_Control_Grue\Debug\link.5336.write.1.tlog
C:\Users\Louis\Documents\Visual Studio 2010\Projects\Interface_Control_Grue\Interface_Control_Grue\Debug\link.5336-cvtres.read.1.tlog
C:\Users\Louis\Documents\Visual Studio 2010\Projects\Interface_Control_Grue\Interface_Control_Grue\Debug\link.5336-cvtres.write.1.tlog
C:\Users\Louis\Documents\Visual Studio 2010\Projects\Interface_Control_Grue\Interface_Control_Grue\Debug\link.5344.read.1.tlog
C:\Users\Louis\Documents\Visual Studio 2010\Projects\Interface_Control_Grue\Interface_Control_Grue\Debug\link.5344.write.1.tlog
C:\Users\Louis\Documents\Visual Studio 2010\Projects\Interface_Control_Grue\Interface_Control_Grue\Debug\link.5344-cvtres.read.1.tlog
C:\Users\Louis\Documents\Visual Studio 2010\Projects\Interface_Control_Grue\Interface_Control_Grue\Debug\link.5344-cvtres.write.1.tlog
C:\Users\Louis\Documents\Visual Studio 2010\Projects\Interface_Control_Grue\Interface_Control_Grue\Debug\link.5360.read.1.tlog
C:\Users\Louis\Documents\Visual Studio 2010\Projects\Interface_Control_Grue\Interface_Control_Grue\Debug\link.5360.write.1.tlog
C:\Users\Louis\Documents\Visual Studio 2010\Projects\Interface_Control_Grue\Interface_Control_Grue\Debug\link.5360-cvtres.read.1.tlog
C:\Users\Louis\Documents\Visual Studio 2010\Projects\Interface_Control_Grue\Interface_Control_Grue\Debug\link.5360-cvtres.write.1.tlog
C:\Users\Louis\Documents\Visual Studio 2010\Projects\Interface_Control_Grue\Interface_Control_Grue\Debug\link.5456.read.1.tlog
C:\Users\Louis\Documents\Visual Studio 2010\Projects\Interface_Control_Grue\Interface_Control_Grue\Debug\link.5456.write.1.tlog
C:\Users\Louis\Documents\Visual Studio 2010\Projects\Interface_Control_Grue\Interface_Control_Grue\Debug\link.5456-cvtres.read.1.tlog
C:\Users\Louis\Documents\Visual Studio 2010\Projects\Interface_Control_Grue\Interface_Control_Grue\Debug\link.5456-cvtres.write.1.tlog
C:\Users\Louis\Documents\Visual Studio 2010\Projects\Interface_Control_Grue\Interface_Control_Grue\Debug\link.5896.read.1.tlog
C:\Users\Louis\Documents\Visual Studio 2010\Projects\Interface_Control_Grue\Interface_Control_Grue\Debug\link.5896.write.1.tlog
C:\Users\Louis\Documents\Visual Studio 2010\Projects\Interface_Control_Grue\Interface_Control_Grue\Debug\link.5896-cvtres.read.1.tlog
C:\Users\Louis\Documents\Visual Studio 2010\Projects\Interface_Control_Grue\Interface_Control_Grue\Debug\link.5896-cvtres.write.1.tlog
C:\Users\Louis\Documents\Visual Studio 2010\Projects\Interface_Control_Grue\Interface_Control_Grue\Debug\link.6128.read.1.tlog
C:\Users\Louis\Documents\Visual Studio 2010\Projects\Interface_Control_Grue\Interface_Control_Grue\Debug\link.6128.write.1.tlog
C:\Users\Louis\Documents\Visual Studio 2010\Projects\Interface_Control_Grue\Interface_Control_Grue\Debug\link.6128-cvtres.read.1.tlog
C:\Users\Louis\Documents\Visual Studio 2010\Projects\Interface_Control_Grue\Interface_Control_Grue\Debug\link.6128-cvtres.write.1.tlog
C:\Users\Louis\Documents\Visual Studio 2010\Projects\Interface_Control_Grue\Interface_Control_Grue\Debug\link.6316.read.1.tlog
C:\Users\Louis\Documents\Visual Studio 2010\Projects\Interface_Control_Grue\Interface_Control_Grue\Debug\link.6316.write.1.tlog
C:\Users\Louis\Documents\Visual Studio 2010\Projects\Interface_Control_Grue\Interface_Control_Grue\Debug\link.6316-cvtres.read.1.tlog
C:\Users\Louis\Documents\Visual Studio 2010\Projects\Interface_Control_Grue\Interface_Control_Grue\Debug\link.6316-cvtres.write.1.tlog
C:\Users\Louis\Documents\Visual Studio 2010\Projects\Interface_Control_Grue\Interface_Control_Grue\Debug\link.660.read.1.tlog
C:\Users\Louis\Documents\Visual Studio 2010\Projects\Interface_Control_Grue\Interface_Control_Grue\Debug\link.660.write.1.tlog
C:\Users\Louis\Documents\Visual Studio 2010\Projects\Interface_Control_Grue\Interface_Control_Grue\Debug\link.660-cvtres.read.1.tlog
C:\Users\Louis\Documents\Visual Studio 2010\Projects\Interface_Control_Grue\Interface_Control_Grue\Debug\link.660-cvtres.write.1.tlog
C:\Users\Louis\Documents\Visual Studio 2010\Projects\Interface_Control_Grue\Interface_Control_Grue\Debug\link.6940.read.1.tlog
C:\Users\Louis\Documents\Visual Studio 2010\Projects\Interface_Control_Grue\Interface_Control_Grue\Debug\link.6940.write.1.tlog
C:\Users\Louis\Documents\Visual Studio 2010\Projects\Interface_Control_Grue\Interface_Control_Grue\Debug\link.6940-cvtres.read.1.tlog
C:\Users\Louis\Documents\Visual Studio 2010\Projects\Interface_Control_Grue\Interface_Control_Grue\Debug\link.6940-cvtres.write.1.tlog
C:\Users\Louis\Documents\Visual Studio 2010\Projects\Interface_Control_Grue\Interface_Control_Grue\Debug\link.952.read.1.tlog
C:\Users\Louis\Documents\Visual Studio 2010\Projects\Interface_Control_Grue\Interface_Control_Grue\Debug\link.952.write.1.tlog
C:\Users\Louis\Documents\Visual Studio 2010\Projects\Interface_Control_Grue\Interface_Control_Grue\Debug\link.952-cvtres.read.1.tlog
C:\Users\Louis\Documents\Visual Studio 2010\Projects\Interface_Control_Grue\Interface_Control_Grue\Debug\link.952-cvtres.write.1.tlog
C:\Users\Louis\Documents\Visual Studio 2010\Projects\Interface_Control_Grue\Interface_Control_Grue\Debug\link.command.1.tlog
C:\Users\Louis\Documents\Visual Studio 2010\Projects\Interface_Control_Grue\Interface_Control_Grue\Debug\link.read.1.tlog
C:\Users\Louis\Documents\Visual Studio 2010\Projects\Interface_Control_Grue\Interface_Control_Grue\Debug\link.write.1.tlog
C:\Users\Louis\Documents\Visual Studio 2010\Projects\Interface_Control_Grue\Interface_Control_Grue\Debug\link-cvtres.read.1.tlog
C:\Users\Louis\Documents\Visual Studio 2010\Projects\Interface_Control_Grue\Interface_Control_Grue\Debug\link-cvtres.write.1.tlog
C:\Users\Louis\Documents\Visual Studio 2010\Projects\Interface_Control_Grue\Interface_Control_Grue\Debug\mt.command.1.tlog
C:\Users\Louis\Documents\Visual Studio 2010\Projects\Interface_Control_Grue\Interface_Control_Grue\Debug\mt.read.1.tlog
C:\Users\Louis\Documents\Visual Studio 2010\Projects\Interface_Control_Grue\Interface_Control_Grue\Debug\mt.write.1.tlog
C:\USERS\LOUIS\DOCUMENTS\VISUAL STUDIO 2010\PROJECTS\INTERFACE_CONTROL_GRUE\INTERFACE_CONTROL_GRUE\DEBUG\PARAMETRES.OBJ
C:\USERS\LOUIS\DOCUMENTS\VISUAL STUDIO 2010\PROJECTS\INTERFACE_CONTROL_GRUE\INTERFACE_CONTROL_GRUE\DEBUG\PARAMETRESDLG.OBJ
C:\Users\Louis\Documents\Visual Studio 2010\Projects\Interface_Control_Grue\Interface_Control_Grue\Debug\rc.command.1.tlog
C:\Users\Louis\Documents\Visual Studio 2010\Projects\Interface_Control_Grue\Interface_Control_Grue\Debug\rc.read.1.tlog
C:\Users\Louis\Documents\Visual Studio 2010\Projects\Interface_Control_Grue\Interface_Control_Grue\Debug\rc.write.1.tlog
C:\USERS\LOUIS\DOCUMENTS\VISUAL STUDIO 2010\PROJECTS\INTERFACE_CONTROL_GRUE\INTERFACE_CONTROL_GRUE\DEBUG\STDAFX.OBJ
C:\Users\Louis\Documents\Visual Studio 2010\Projects\Interface_Control_Grue\Interface_Control_Grue\Debug\vc100.idb
C:\USERS\LOUIS\DOCUMENTS\VISUAL STUDIO 2010\PROJECTS\INTERFACE_CONTROL_GRUE\INTERFACE_CONTROL_GRUE\DEBUG\VC100.PDB
F:\S4_PROJET_CODE\INTERFACE_CONTROL_GRUE\DEBUG\INTERFACE_CONTROL_GRUE.EXE
F:\S4_PROJET_CODE\INTERFACE_CONTROL_GRUE\DEBUG\INTERFACE_CONTROL_GRUE.ILK
F:\S4_PROJET_CODE\INTERFACE_CONTROL_GRUE\DEBUG\INTERFACE_CONTROL_GRUE.PDB
F:\S4_PROJET_CODE\INTERFACE_CONTROL_GRUE\INTERFACE_CONTROL_GRUE\DEBUG\INTERFACE_CONTROL_GRUE.EXE.EMBED.MANIFEST.RES
F:\S4_PROJET_CODE\INTERFACE_CONTROL_GRUE\INTERFACE_CONTROL_GRUE\DEBUG\INTERFACE_CONTROL_GRUE.EXE.INTERMEDIATE.MANIFEST
F:\S4_PROJET_CODE\INTERFACE_CONTROL_GRUE\INTERFACE_CONTROL_GRUE\DEBUG\INTERFACE_CONTROL_GRUE.OBJ
F:\S4_PROJET_CODE\INTERFACE_CONTROL_GRUE\INTERFACE_CONTROL_GRUE\DEBUG\INTERFACE_CONTROL_GRUE.PCH
F:\S4_PROJET_CODE\INTERFACE_CONTROL_GRUE\INTERFACE_CONTROL_GRUE\DEBUG\INTERFACE_CONTROL_GRUE.RES
F:\S4_PROJET_CODE\INTERFACE_CONTROL_GRUE\INTERFACE_CONTROL_GRUE\DEBUG\INTERFACE_CONTROL_GRUEDLG.OBJ
F:\S4_PROJET_CODE\INTERFACE_CONTROL_GRUE\INTERFACE_CONTROL_GRUE\DEBUG\PARAMETRES.OBJ
F:\S4_PROJET_CODE\INTERFACE_CONTROL_GRUE\INTERFACE_CONTROL_GRUE\DEBUG\PARAMETRESDLG.OBJ
F:\S4_PROJET_CODE\INTERFACE_CONTROL_GRUE\INTERFACE_CONTROL_GRUE\DEBUG\STDAFX.OBJ
F:\S4_PROJET_CODE\INTERFACE_CONTROL_GRUE\INTERFACE_CONTROL_GRUE\DEBUG\VC100.PDB
