Build started 02/07/2014 2:28:15 PM.
     1>Project "C:\Users\Louis\documents\visual studio 2010\Projects\Interface_Control_Grue\Interface_Control_Grue\Interface_Control_Grue.vcxproj" on node 2 (build target(s)).
     1>InitializeBuildStatus:
         Creating "Release\Interface_Control_Grue.unsuccessfulbuild" because "AlwaysCreate" was specified.
       ClCompile:
         All outputs are up-to-date.
         C:\Program Files (x86)\Microsoft Visual Studio 10.0\VC\bin\CL.exe /c /Zi /nologo /W3 /WX- /O2 /Oi /Oy- /GL /D WIN32 /D _WINDOWS /D NDEBUG /D _UNICODE /D UNICODE /Gm- /EHsc /MT /GS /Gy /fp:precise /Zc:wchar_t /Zc:forScope /Yu"StdAfx.h" /Fp"Release\Interface_Control_Grue.pch" /Fo"Release\\" /Fd"Release\vc100.pdb" /Gd /TP /analyze- /errorReport:prompt Interface_Control_Grue.cpp Interface_Control_GrueDlg.cpp Parametres.cpp ParametresDlg.cpp
         Interface_Control_Grue.cpp
         Interface_Control_GrueDlg.cpp
     1>c:\users\louis\documents\visual studio 2010\projects\interface_control_grue\interface_control_grue\craneexports.h(140): warning C4251: 'Crane::cs' : class 'CCriticalSection' needs to have dll-interface to be used by clients of class 'Crane'
                 C:\Program Files (x86)\Microsoft Visual Studio 10.0\VC\atlmfc\include\afxmt.h(151) : see declaration of 'CCriticalSection'
     1>Interface_Control_GrueDlg.cpp(285): warning C4244: 'argument' : conversion from 'float' to 'int', possible loss of data
     1>Interface_Control_GrueDlg.cpp(285): warning C4996: 'itoa': The POSIX name for this item is deprecated. Instead, use the ISO C++ conformant name: _itoa. See online help for details.
                 C:\Program Files (x86)\Microsoft Visual Studio 10.0\VC\include\stdlib.h(867) : see declaration of 'itoa'
     1>Interface_Control_GrueDlg.cpp(289): warning C4244: 'argument' : conversion from 'float' to 'int', possible loss of data
     1>Interface_Control_GrueDlg.cpp(289): warning C4996: 'itoa': The POSIX name for this item is deprecated. Instead, use the ISO C++ conformant name: _itoa. See online help for details.
                 C:\Program Files (x86)\Microsoft Visual Studio 10.0\VC\include\stdlib.h(867) : see declaration of 'itoa'
     1>Interface_Control_GrueDlg.cpp(293): warning C4244: 'argument' : conversion from 'float' to 'int', possible loss of data
     1>Interface_Control_GrueDlg.cpp(293): warning C4996: 'itoa': The POSIX name for this item is deprecated. Instead, use the ISO C++ conformant name: _itoa. See online help for details.
                 C:\Program Files (x86)\Microsoft Visual Studio 10.0\VC\include\stdlib.h(867) : see declaration of 'itoa'
     1>Interface_Control_GrueDlg.cpp(297): warning C4244: 'argument' : conversion from 'float' to 'int', possible loss of data
     1>Interface_Control_GrueDlg.cpp(297): warning C4996: 'itoa': The POSIX name for this item is deprecated. Instead, use the ISO C++ conformant name: _itoa. See online help for details.
                 C:\Program Files (x86)\Microsoft Visual Studio 10.0\VC\include\stdlib.h(867) : see declaration of 'itoa'
     1>Interface_Control_GrueDlg.cpp(301): warning C4244: 'argument' : conversion from 'float' to 'int', possible loss of data
     1>Interface_Control_GrueDlg.cpp(301): warning C4996: 'itoa': The POSIX name for this item is deprecated. Instead, use the ISO C++ conformant name: _itoa. See online help for details.
                 C:\Program Files (x86)\Microsoft Visual Studio 10.0\VC\include\stdlib.h(867) : see declaration of 'itoa'
     1>Interface_Control_GrueDlg.cpp(305): warning C4244: 'argument' : conversion from 'float' to 'int', possible loss of data
     1>Interface_Control_GrueDlg.cpp(305): warning C4996: 'itoa': The POSIX name for this item is deprecated. Instead, use the ISO C++ conformant name: _itoa. See online help for details.
                 C:\Program Files (x86)\Microsoft Visual Studio 10.0\VC\include\stdlib.h(867) : see declaration of 'itoa'
     1>Interface_Control_GrueDlg.cpp(309): warning C4244: 'argument' : conversion from 'float' to 'int', possible loss of data
     1>Interface_Control_GrueDlg.cpp(309): warning C4996: 'itoa': The POSIX name for this item is deprecated. Instead, use the ISO C++ conformant name: _itoa. See online help for details.
                 C:\Program Files (x86)\Microsoft Visual Studio 10.0\VC\include\stdlib.h(867) : see declaration of 'itoa'
     1>Interface_Control_GrueDlg.cpp(313): warning C4244: 'argument' : conversion from 'float' to 'int', possible loss of data
     1>Interface_Control_GrueDlg.cpp(313): warning C4996: 'itoa': The POSIX name for this item is deprecated. Instead, use the ISO C++ conformant name: _itoa. See online help for details.
                 C:\Program Files (x86)\Microsoft Visual Studio 10.0\VC\include\stdlib.h(867) : see declaration of 'itoa'
     1>Interface_Control_GrueDlg.cpp(922): warning C4244: 'argument' : conversion from 'double' to 'float', possible loss of data
     1>Interface_Control_GrueDlg.cpp(938): warning C4244: 'argument' : conversion from 'double' to 'float', possible loss of data
     1>Interface_Control_GrueDlg.cpp(943): warning C4244: 'argument' : conversion from 'double' to 'float', possible loss of data
     1>Interface_Control_GrueDlg.cpp(960): warning C4244: 'argument' : conversion from 'double' to 'float', possible loss of data
     1>Interface_Control_GrueDlg.cpp(965): warning C4244: 'argument' : conversion from 'double' to 'float', possible loss of data
     1>Interface_Control_GrueDlg.cpp(982): warning C4244: 'argument' : conversion from 'double' to 'float', possible loss of data
     1>Interface_Control_GrueDlg.cpp(987): warning C4244: 'argument' : conversion from 'double' to 'float', possible loss of data
     1>Interface_Control_GrueDlg.cpp(1000): warning C4244: 'argument' : conversion from 'double' to 'float', possible loss of data
     1>Interface_Control_GrueDlg.cpp(1012): warning C4244: 'argument' : conversion from 'double' to 'float', possible loss of data
     1>Interface_Control_GrueDlg.cpp(1024): warning C4244: 'argument' : conversion from 'double' to 'float', possible loss of data
     1>Interface_Control_GrueDlg.cpp(1036): warning C4244: 'argument' : conversion from 'double' to 'float', possible loss of data
     1>Interface_Control_GrueDlg.cpp(1052): warning C4244: 'argument' : conversion from 'double' to 'float', possible loss of data
     1>Interface_Control_GrueDlg.cpp(1057): warning C4244: 'argument' : conversion from 'double' to 'float', possible loss of data
     1>Interface_Control_GrueDlg.cpp(1074): warning C4244: 'argument' : conversion from 'double' to 'float', possible loss of data
     1>Interface_Control_GrueDlg.cpp(1079): warning C4244: 'argument' : conversion from 'double' to 'float', possible loss of data
     1>Interface_Control_GrueDlg.cpp(1096): warning C4244: 'argument' : conversion from 'double' to 'float', possible loss of data
     1>Interface_Control_GrueDlg.cpp(1101): warning C4244: 'argument' : conversion from 'double' to 'float', possible loss of data
     1>Interface_Control_GrueDlg.cpp(1114): warning C4244: 'argument' : conversion from 'double' to 'float', possible loss of data
     1>Interface_Control_GrueDlg.cpp(1126): warning C4244: 'argument' : conversion from 'double' to 'float', possible loss of data
     1>Interface_Control_GrueDlg.cpp(1138): warning C4244: 'argument' : conversion from 'double' to 'float', possible loss of data
     1>Interface_Control_GrueDlg.cpp(1161): warning C4244: 'argument' : conversion from 'double' to 'float', possible loss of data
     1>Interface_Control_GrueDlg.cpp(1166): warning C4244: 'argument' : conversion from 'double' to 'float', possible loss of data
     1>Interface_Control_GrueDlg.cpp(1183): warning C4244: 'argument' : conversion from 'double' to 'float', possible loss of data
     1>Interface_Control_GrueDlg.cpp(1188): warning C4244: 'argument' : conversion from 'double' to 'float', possible loss of data
     1>Interface_Control_GrueDlg.cpp(1205): warning C4244: 'argument' : conversion from 'double' to 'float', possible loss of data
     1>Interface_Control_GrueDlg.cpp(1210): warning C4244: 'argument' : conversion from 'double' to 'float', possible loss of data
     1>Interface_Control_GrueDlg.cpp(1223): warning C4244: 'argument' : conversion from 'double' to 'float', possible loss of data
     1>Interface_Control_GrueDlg.cpp(1235): warning C4244: 'argument' : conversion from 'double' to 'float', possible loss of data
     1>Interface_Control_GrueDlg.cpp(1247): warning C4244: 'argument' : conversion from 'double' to 'float', possible loss of data
     1>Interface_Control_GrueDlg.cpp(1354): warning C4244: 'argument' : conversion from 'double' to 'float', possible loss of data
     1>Interface_Control_GrueDlg.cpp(1366): warning C4244: 'argument' : conversion from 'double' to 'float', possible loss of data
     1>Interface_Control_GrueDlg.cpp(1378): warning C4244: 'argument' : conversion from 'double' to 'float', possible loss of data
         Parametres.cpp
     1>c:\users\louis\documents\visual studio 2010\projects\interface_control_grue\interface_control_grue\craneexports.h(140): warning C4251: 'Crane::cs' : class 'CCriticalSection' needs to have dll-interface to be used by clients of class 'Crane'
                 C:\Program Files (x86)\Microsoft Visual Studio 10.0\VC\atlmfc\include\afxmt.h(151) : see declaration of 'CCriticalSection'
         ParametresDlg.cpp
     1>c:\users\louis\documents\visual studio 2010\projects\interface_control_grue\interface_control_grue\craneexports.h(140): warning C4251: 'Crane::cs' : class 'CCriticalSection' needs to have dll-interface to be used by clients of class 'Crane'
                 C:\Program Files (x86)\Microsoft Visual Studio 10.0\VC\atlmfc\include\afxmt.h(151) : see declaration of 'CCriticalSection'
       ResourceCompile:
         All outputs are up-to-date.
       Link:
         C:\Program Files (x86)\Microsoft Visual Studio 10.0\VC\bin\link.exe /ERRORREPORT:PROMPT /OUT:"C:\Users\Louis\documents\visual studio 2010\Projects\Interface_Control_Grue\Release\Interface_Control_Grue.exe" /INCREMENTAL:NO /NOLOGO /MANIFEST /ManifestFile:"Release\Interface_Control_Grue.exe.intermediate.manifest" /MANIFESTUAC:"level='asInvoker' uiAccess='false'" /DEBUG /PDB:"C:\Users\Louis\documents\visual studio 2010\Projects\Interface_Control_Grue\Release\Interface_Control_Grue.pdb" /SUBSYSTEM:WINDOWS /OPT:REF /OPT:ICF /LTCG /TLBID:1 /ENTRY:"wWinMainCRTStartup" /DYNAMICBASE /NXCOMPAT /IMPLIB:"C:\Users\Louis\documents\visual studio 2010\Projects\Interface_Control_Grue\Release\Interface_Control_Grue.lib" /MACHINE:X86 Release\Interface_Control_Grue.res
         Release\Interface_Control_Grue.obj
         Release\Interface_Control_GrueDlg.obj
         Release\Parametres.obj
         Release\ParametresDlg.obj
         Release\stdafx.obj
         crane.lib
         SRanger_HL.lib
         Generating code
         Finished generating code
         Interface_Control_Grue.vcxproj -> C:\Users\Louis\documents\visual studio 2010\Projects\Interface_Control_Grue\Release\Interface_Control_Grue.exe
       Manifest:
         C:\Program Files (x86)\Microsoft SDKs\Windows\v7.0A\bin\mt.exe /nologo /verbose /outputresource:"C:\Users\Louis\documents\visual studio 2010\Projects\Interface_Control_Grue\Release\Interface_Control_Grue.exe;#1" /manifest Release\Interface_Control_Grue.exe.intermediate.manifest "C:\Program Files (x86)\Microsoft Visual Studio 10.0\VC\Include\Manifest\dpiaware.manifest"
       FinalizeBuildStatus:
         Deleting file "Release\Interface_Control_Grue.unsuccessfulbuild".
         Touching "Release\Interface_Control_Grue.lastbuildstate".
     1>Done Building Project "C:\Users\Louis\documents\visual studio 2010\Projects\Interface_Control_Grue\Interface_Control_Grue\Interface_Control_Grue.vcxproj" (build target(s)).

Build succeeded.

Time Elapsed 00:00:04.92
